<?xml version="1.0" encoding="UTF-8"?>
<!-- Generated by org.testng.reporters.JUnitXMLReporter -->
<testsuite hostname="SSS-PC" ignored="0" name="Page Object Model Project" tests="1" failures="1" timestamp="20 Jul 2018 02:33:23 GMT" time="23.339" errors="0">
  <testcase name="@AfterMethod afterExecutionOfEachTest" time="0.004" classname="com.flipkart.testScripts.FlipKartTestCase">
    <failure type="com.flipkart.utilities.MyOwnException" message="AFTER METHOD IS NOT SUCCESSFUL
null">
      <![CDATA[com.flipkart.utilities.MyOwnException: AFTER METHOD IS NOT SUCCESSFUL
null
at com.flipkart.accelarators.Base.throwException(Base.java:208)
at com.flipkart.testScripts.FlipKartTestCase.afterExecutionOfEachTest(FlipKartTestCase.java:79)
... Removed 28 stack frames]]>
    </failure>
  </testcase> <!-- @AfterMethod afterExecutionOfEachTest -->
  <testcase name="FlipKart_TC1" time="19.829" classname="com.flipkart.testScripts.FlipKartTestCase">
    <failure type="com.flipkart.utilities.MyOwnException" message="Login SUCCESSFUL
UNABLE TO INITIATE THE login PROCESS 
null
">
      <![CDATA[com.flipkart.utilities.MyOwnException: Login SUCCESSFUL
UNABLE TO INITIATE THE login PROCESS 
null

at com.flipkart.accelarators.Base.throwException(Base.java:208)
at com.flipkart.testScripts.FlipKartTestCase.FlipKart_TC1(FlipKartTestCase.java:43)
... Removed 25 stack frames]]>
    </failure>
  </testcase> <!-- FlipKart_TC1 -->
</testsuite> <!-- Page Object Model Project -->
