<?xml version="1.0" encoding="UTF-8"?>
<!-- Generated by org.testng.reporters.JUnitReportReporter -->
<testsuite skipped="0" hostname="SSS-PC" name="com.flipkart.testScripts.DynamicWebElements" tests="1" failures="0" timestamp="27 Jul 2018 05:28:46 GMT" time="41.044" errors="1">
  <testcase name="FlipKart_TC1" time="41.044" classname="com.flipkart.testScripts.DynamicWebElements">
    <error type="com.flipkart.utilities.MyOwnException" message="Login SUCCESSFUL
UNABLE TO INITIATE THE login PROCESS 
UNABLE TO LOGIN INTO THE LIMA APPLICATION FROM THE METHOD login
org.openqa.selenium.support.events.EventFiringWebDriver$EventFiringWebElement cannot be cast to org.openqa.selenium.internal.Locatable

">
      <![CDATA[com.flipkart.utilities.MyOwnException: Login SUCCESSFUL
UNABLE TO INITIATE THE login PROCESS 
UNABLE TO LOGIN INTO THE LIMA APPLICATION FROM THE METHOD login
org.openqa.selenium.support.events.EventFiringWebDriver$EventFiringWebElement cannot be cast to org.openqa.selenium.internal.Locatable


at com.flipkart.accelarators.Base.throwException(Base.java:208)
at com.flipkart.testScripts.DynamicWebElements.FlipKart_TC1(DynamicWebElements.java:41)
at sun.reflect.NativeMethodAccessorImpl.invoke0(Native Method)
at sun.reflect.NativeMethodAccessorImpl.invoke(Unknown Source)
at sun.reflect.DelegatingMethodAccessorImpl.invoke(Unknown Source)
at java.lang.reflect.Method.invoke(Unknown Source)
at org.testng.internal.MethodInvocationHelper.invokeMethod(MethodInvocationHelper.java:124)
at org.testng.internal.Invoker.invokeMethod(Invoker.java:580)
at org.testng.internal.Invoker.invokeTestMethod(Invoker.java:716)
at org.testng.internal.Invoker.invokeTestMethods(Invoker.java:988)
at org.testng.internal.TestMethodWorker.invokeTestMethods(TestMethodWorker.java:125)
at org.testng.internal.TestMethodWorker.run(TestMethodWorker.java:109)
at org.testng.TestRunner.privateRun(TestRunner.java:648)
at org.testng.TestRunner.run(TestRunner.java:505)
at org.testng.SuiteRunner.runTest(SuiteRunner.java:455)
at org.testng.SuiteRunner.runSequentially(SuiteRunner.java:450)
at org.testng.SuiteRunner.privateRun(SuiteRunner.java:415)
at org.testng.SuiteRunner.run(SuiteRunner.java:364)
at org.testng.SuiteRunnerWorker.runSuite(SuiteRunnerWorker.java:52)
at org.testng.SuiteRunnerWorker.run(SuiteRunnerWorker.java:84)
at org.testng.TestNG.runSuitesSequentially(TestNG.java:1208)
at org.testng.TestNG.runSuitesLocally(TestNG.java:1137)
at org.testng.TestNG.runSuites(TestNG.java:1049)
at org.testng.TestNG.run(TestNG.java:1017)
at org.testng.remote.AbstractRemoteTestNG.run(AbstractRemoteTestNG.java:114)
at org.testng.remote.RemoteTestNG.initAndRun(RemoteTestNG.java:251)
at org.testng.remote.RemoteTestNG.main(RemoteTestNG.java:77)
]]>
    </error>
  </testcase> <!-- FlipKart_TC1 -->
</testsuite> <!-- com.flipkart.testScripts.DynamicWebElements -->
