<?xml version="1.0" encoding="UTF-8"?>
<!-- Generated by org.testng.reporters.JUnitReportReporter -->
<testsuite skipped="0" hostname="SSS-PC" name="com.flipkart.testScripts.MultiBrowserTestCase2" tests="3" failures="0" timestamp="24 Jul 2018 03:21:36 GMT" time="28.967" errors="3">
  <testcase name="afterExecutionOfEachTest" time="0.240" classname="com.flipkart.testScripts.MultiBrowserTestCase2">
    <error type="com.flipkart.utilities.MyOwnException" message="AFTER METHOD IS NOT SUCCESSFUL
Error communicating with the remote browser. It may have died.
Build info: version: &#039;3.4.0&#039;, revision: &#039;unknown&#039;, time: &#039;unknown&#039;
System info: host: &#039;SSS-PC&#039;, ip: &#039;192.168.43.125&#039;, os.name: &#039;Windows 7&#039;, os.arch: &#039;x86&#039;, os.version: &#039;6.1&#039;, java.version: &#039;1.8.0_171&#039;
Driver info: driver.version: ActionDriver
Capabilities [{proxy=Proxy(), acceptInsecureCerts=false, browserVersion=8, se:ieOptions={nativeEvents=true, browserAttachTimeout=0.0, ie.ensureCleanSession=false, elementScrollBehavior=0.0, enablePersistentHover=true, ie.browserCommandLineSwitches=, ie.forceCreateProcessApi=false, requireWindowFocus=false, initialBrowserUrl=http://localhost:6966/, ignoreZoomSetting=false, ie.fileUploadDialogTimeout=3000.0, ignoreProtectedModeSettings=false}, timeouts={implicit=0.0, pageLoad=300000.0, script=30000.0}, browserName=internet explorer, pageLoadStrategy=normal, javascriptEnabled=true, platformName=windows, setWindowRect=true, platform=ANY}]
Session ID: 2746f415-b7a8-4102-b5d5-d62d26cf039d">
      <![CDATA[com.flipkart.utilities.MyOwnException: AFTER METHOD IS NOT SUCCESSFUL
Error communicating with the remote browser. It may have died.
Build info: version: '3.4.0', revision: 'unknown', time: 'unknown'
System info: host: 'SSS-PC', ip: '192.168.43.125', os.name: 'Windows 7', os.arch: 'x86', os.version: '6.1', java.version: '1.8.0_171'
Driver info: driver.version: ActionDriver
Capabilities [{proxy=Proxy(), acceptInsecureCerts=false, browserVersion=8, se:ieOptions={nativeEvents=true, browserAttachTimeout=0.0, ie.ensureCleanSession=false, elementScrollBehavior=0.0, enablePersistentHover=true, ie.browserCommandLineSwitches=, ie.forceCreateProcessApi=false, requireWindowFocus=false, initialBrowserUrl=http://localhost:6966/, ignoreZoomSetting=false, ie.fileUploadDialogTimeout=3000.0, ignoreProtectedModeSettings=false}, timeouts={implicit=0.0, pageLoad=300000.0, script=30000.0}, browserName=internet explorer, pageLoadStrategy=normal, javascriptEnabled=true, platformName=windows, setWindowRect=true, platform=ANY}]
Session ID: 2746f415-b7a8-4102-b5d5-d62d26cf039d
at com.flipkart.accelarators.Base.throwException(Base.java:208)
at com.flipkart.testScripts.MultiBrowserTestCase2.afterExecutionOfEachTest(MultiBrowserTestCase2.java:78)
at sun.reflect.NativeMethodAccessorImpl.invoke0(Native Method)
at sun.reflect.NativeMethodAccessorImpl.invoke(Unknown Source)
at sun.reflect.DelegatingMethodAccessorImpl.invoke(Unknown Source)
at java.lang.reflect.Method.invoke(Unknown Source)
at org.testng.internal.MethodInvocationHelper.invokeMethod(MethodInvocationHelper.java:124)
at org.testng.internal.MethodInvocationHelper.invokeMethodConsideringTimeout(MethodInvocationHelper.java:59)
at org.testng.internal.Invoker.invokeConfigurationMethod(Invoker.java:455)
at org.testng.internal.Invoker.invokeConfigurations(Invoker.java:222)
at org.testng.internal.Invoker.invokeMethod(Invoker.java:643)
at org.testng.internal.Invoker.invokeTestMethod(Invoker.java:716)
at org.testng.internal.Invoker.invokeTestMethods(Invoker.java:988)
at org.testng.internal.TestMethodWorker.invokeTestMethods(TestMethodWorker.java:125)
at org.testng.internal.TestMethodWorker.run(TestMethodWorker.java:109)
at java.util.concurrent.ThreadPoolExecutor.runWorker(Unknown Source)
at java.util.concurrent.ThreadPoolExecutor$Worker.run(Unknown Source)
at java.lang.Thread.run(Unknown Source)
]]>
    </error>
  </testcase> <!-- afterExecutionOfEachTest -->
  <testcase name="FlipKart_TC1" time="18.442" classname="com.flipkart.testScripts.MultiBrowserTestCase2">
    <error type="com.flipkart.utilities.MyOwnException" message="Login SUCCESSFUL
UNABLE TO INITIATE THE login PROCESS 
null value in entry: url=null
">
      <![CDATA[com.flipkart.utilities.MyOwnException: Login SUCCESSFUL
UNABLE TO INITIATE THE login PROCESS 
null value in entry: url=null

at com.flipkart.accelarators.Base.throwException(Base.java:208)
at com.flipkart.testScripts.MultiBrowserTestCase2.FlipKart_TC1(MultiBrowserTestCase2.java:42)
at sun.reflect.NativeMethodAccessorImpl.invoke0(Native Method)
at sun.reflect.NativeMethodAccessorImpl.invoke(Unknown Source)
at sun.reflect.DelegatingMethodAccessorImpl.invoke(Unknown Source)
at java.lang.reflect.Method.invoke(Unknown Source)
at org.testng.internal.MethodInvocationHelper.invokeMethod(MethodInvocationHelper.java:124)
at org.testng.internal.Invoker.invokeMethod(Invoker.java:580)
at org.testng.internal.Invoker.invokeTestMethod(Invoker.java:716)
at org.testng.internal.Invoker.invokeTestMethods(Invoker.java:988)
at org.testng.internal.TestMethodWorker.invokeTestMethods(TestMethodWorker.java:125)
at org.testng.internal.TestMethodWorker.run(TestMethodWorker.java:109)
at java.util.concurrent.ThreadPoolExecutor.runWorker(Unknown Source)
at java.util.concurrent.ThreadPoolExecutor$Worker.run(Unknown Source)
at java.lang.Thread.run(Unknown Source)
]]>
    </error>
  </testcase> <!-- FlipKart_TC1 -->
  <testcase name="FlipKart_TC1" time="10.285" classname="com.flipkart.testScripts.MultiBrowserTestCase2">
    <error type="com.flipkart.utilities.MyOwnException" message="Login SUCCESSFUL
UNABLE TO INITIATE THE login PROCESS 
null value in entry: url=null
">
      <![CDATA[com.flipkart.utilities.MyOwnException: Login SUCCESSFUL
UNABLE TO INITIATE THE login PROCESS 
null value in entry: url=null

at com.flipkart.accelarators.Base.throwException(Base.java:208)
at com.flipkart.testScripts.MultiBrowserTestCase2.FlipKart_TC1(MultiBrowserTestCase2.java:42)
at sun.reflect.NativeMethodAccessorImpl.invoke0(Native Method)
at sun.reflect.NativeMethodAccessorImpl.invoke(Unknown Source)
at sun.reflect.DelegatingMethodAccessorImpl.invoke(Unknown Source)
at java.lang.reflect.Method.invoke(Unknown Source)
at org.testng.internal.MethodInvocationHelper.invokeMethod(MethodInvocationHelper.java:124)
at org.testng.internal.Invoker.invokeMethod(Invoker.java:580)
at org.testng.internal.Invoker.invokeTestMethod(Invoker.java:716)
at org.testng.internal.Invoker.invokeTestMethods(Invoker.java:988)
at org.testng.internal.TestMethodWorker.invokeTestMethods(TestMethodWorker.java:125)
at org.testng.internal.TestMethodWorker.run(TestMethodWorker.java:109)
at java.util.concurrent.ThreadPoolExecutor.runWorker(Unknown Source)
at java.util.concurrent.ThreadPoolExecutor$Worker.run(Unknown Source)
at java.lang.Thread.run(Unknown Source)
]]>
    </error>
  </testcase> <!-- FlipKart_TC1 -->
</testsuite> <!-- com.flipkart.testScripts.MultiBrowserTestCase2 -->
